<?xml version="1.0" encoding="UTF-8"?>
<!-- Generated by org.testng.reporters.JUnitXMLReporter -->
<testsuite ignored="0" hostname="Smita-Sobhan" failures="2" tests="2" name="Test" time="6.312" errors="0" timestamp="2024-11-21T00:28:43 IST">
  <testcase classname="testcases.LoginTest" name="validLoginTest" time="0.004">
    <failure type="java.lang.NullPointerException">
      <![CDATA[java.lang.NullPointerException
at listener.ReportListener.onTestStart(ReportListener.java:21)
at java.base/java.util.ArrayList.forEach(ArrayList.java:1541)
... Removed 24 stack frames]]>
    </failure>
  </testcase> <!-- validLoginTest -->
  <testcase classname="testcases.LoginTest" name="validLoginTest" time="0.765">
    <failure type="java.lang.NullPointerException">
      <![CDATA[java.lang.NullPointerException
at listener.ReportListener.onTestFailure(ReportListener.java:30)
at java.base/java.util.ArrayList.forEach(ArrayList.java:1541)
... Removed 24 stack frames]]>
    </failure>
  </testcase> <!-- validLoginTest -->
</testsuite> <!-- Test -->
