<?xml version="1.0" encoding="UTF-8"?>
<testng-results ignored="0" total="1" passed="1" failed="0" skipped="0">
  <reporter-output>
  </reporter-output>
  <suite started-at="2024-11-21T00:33:02 IST" name="Default suite" finished-at="2024-11-21T00:33:09 IST" duration-ms="7102">
    <groups>
    </groups>
    <test started-at="2024-11-21T00:33:02 IST" name="Default test" finished-at="2024-11-21T00:33:09 IST" duration-ms="7102">
      <class name="testcases.LoginTest">
        <test-method is-config="true" signature="setupBrowser()[pri:0, instance:testcases.LoginTest@209da20d]" started-at="2024-11-21T00:33:02 IST" name="setupBrowser" finished-at="2024-11-21T00:33:04 IST" duration-ms="2296" status="PASS">
          <reporter-output>
          </reporter-output>
        </test-method> <!-- setupBrowser -->
        <test-method signature="validLoginTest(java.lang.String,java.lang.String)[pri:0, instance:testcases.LoginTest@209da20d]" started-at="2024-11-21T00:33:05 IST" name="validLoginTest" description="this test will verify valid login" data-provider="login" finished-at="2024-11-21T00:33:09 IST" duration-ms="4097" status="PASS">
          <params>
            <param index="0">
              <value>
                <![CDATA[admin@email.com]]>
              </value>
            </param>
            <param index="1">
              <value>
                <![CDATA[admin@123]]>
              </value>
            </param>
          </params>
          <reporter-output>
          </reporter-output>
        </test-method> <!-- validLoginTest -->
        <test-method is-config="true" signature="teardown()[pri:0, instance:testcases.LoginTest@209da20d]" started-at="2024-11-21T00:33:09 IST" name="teardown" finished-at="2024-11-21T00:33:09 IST" duration-ms="211" status="PASS">
          <reporter-output>
          </reporter-output>
        </test-method> <!-- teardown -->
      </class> <!-- testcases.LoginTest -->
    </test> <!-- Default test -->
  </suite> <!-- Default suite -->
</testng-results>
